# JRE version: OpenJDK Runtime Environment (8.0_112-b15) (build 1.8.0_112-b15)
# Java VM: OpenJDK 64-Bit Server VM (25.112-b15 mixed mode linux-amd64 compressed oops)
Heap:
 PSYoungGen      total 139776K, used 28806K [0x00000000f5580000, 0x0000000100000000, 0x0000000100000000)
  eden space 129024K, 22% used [0x00000000f5580000,0x00000000f71a18d8,0x00000000fd380000)
  from space 10752K, 0% used [0x00000000fd380000,0x00000000fd380000,0x00000000fde00000)
  to   space 10752K, 0% used [0x00000000ff580000,0x00000000ff580000,0x0000000100000000)
 ParOldGen       total 122368K, used 14260K [0x00000000e0000000, 0x00000000e7780000, 0x00000000f5580000)
  object space 122368K, 11% used [0x00000000e0000000,0x00000000e0ded158,0x00000000e7780000)
 Metaspace       used 22120K, capacity 22692K, committed 22960K, reserved 1069056K
  class space    used 2582K, capacity 2791K, committed 2816K, reserved 1048576K
GC Heap History (8 events):
Event: 0.668 GC heap before
{Heap before GC invocations=1 (full 0):
 PSYoungGen      total 75264K, used 64512K [0x00000000f5580000, 0x00000000fa980000, 0x0000000100000000)
  eden space 64512K, 100% used [0x00000000f5580000,0x00000000f9480000,0x00000000f9480000)
  from space 10752K, 0% used [0x00000000f9f00000,0x00000000f9f00000,0x00000000fa980000)
  to   space 10752K, 0% used [0x00000000f9480000,0x00000000f9480000,0x00000000f9f00000)
 ParOldGen       total 172032K, used 0K [0x00000000e0000000, 0x00000000ea800000, 0x00000000f5580000)
  object space 172032K, 0% used [0x00000000e0000000,0x00000000e0000000,0x00000000ea800000)
 Metaspace       used 12473K, capacity 12660K, committed 12928K, reserved 1060864K
  class space    used 1553K, capacity 1638K, committed 1664K, reserved 1048576K
Event: 0.682 GC heap after
Heap after GC invocations=1 (full 0):
 PSYoungGen      total 75264K, used 10723K [0x00000000f5580000, 0x00000000fe880000, 0x0000000100000000)
  eden space 64512K, 0% used [0x00000000f5580000,0x00000000f5580000,0x00000000f9480000)
  from space 10752K, 99% used [0x00000000f9480000,0x00000000f9ef8de0,0x00000000f9f00000)
  to   space 10752K, 0% used [0x00000000fde00000,0x00000000fde00000,0x00000000fe880000)
 ParOldGen       total 172032K, used 381K [0x00000000e0000000, 0x00000000ea800000, 0x00000000f5580000)
  object space 172032K, 0% used [0x00000000e0000000,0x00000000e005f5c8,0x00000000ea800000)
 Metaspace       used 12473K, capacity 12660K, committed 12928K, reserved 1060864K
  class space    used 1553K, capacity 1638K, committed 1664K, reserved 1048576K
}
Event: 1.287 GC heap before
{Heap before GC invocations=2 (full 0):
 PSYoungGen      total 75264K, used 75235K [0x00000000f5580000, 0x00000000fe880000, 0x0000000100000000)
  eden space 64512K, 100% used [0x00000000f5580000,0x00000000f9480000,0x00000000f9480000)
  from space 10752K, 99% used [0x00000000f9480000,0x00000000f9ef8de0,0x00000000f9f00000)
  to   space 10752K, 0% used [0x00000000fde00000,0x00000000fde00000,0x00000000fe880000)
 ParOldGen       total 172032K, used 381K [0x00000000e0000000, 0x00000000ea800000, 0x00000000f5580000)
  object space 172032K, 0% used [0x00000000e0000000,0x00000000e005f5c8,0x00000000ea800000)
 Metaspace       used 16252K, capacity 16624K, committed 16768K, reserved 1064960K
  class space    used 1926K, capacity 2092K, committed 2176K, reserved 1048576K
Event: 1.299 GC heap after
Heap after GC invocations=2 (full 0):
 PSYoungGen      total 139776K, used 10014K [0x00000000f5580000, 0x00000000fe880000, 0x0000000100000000)
  eden space 129024K, 0% used [0x00000000f5580000,0x00000000f5580000,0x00000000fd380000)
  from space 10752K, 93% used [0x00000000fde00000,0x00000000fe7c79d8,0x00000000fe880000)
  to   space 10752K, 0% used [0x00000000fd380000,0x00000000fd380000,0x00000000fde00000)
 ParOldGen       total 172032K, used 389K [0x00000000e0000000, 0x00000000ea800000, 0x00000000f5580000)
  object space 172032K, 0% used [0x00000000e0000000,0x00000000e00615c8,0x00000000ea800000)
 Metaspace       used 16252K, capacity 16624K, committed 16768K, reserved 1064960K
  class space    used 1926K, capacity 2092K, committed 2176K, reserved 1048576K
}
Event: 1.737 GC heap before
{Heap before GC invocations=3 (full 0):
 PSYoungGen      total 139776K, used 59337K [0x00000000f5580000, 0x00000000fe880000, 0x0000000100000000)
  eden space 129024K, 38% used [0x00000000f5580000,0x00000000f85aaab8,0x00000000fd380000)
  from space 10752K, 93% used [0x00000000fde00000,0x00000000fe7c79d8,0x00000000fe880000)
  to   space 10752K, 0% used [0x00000000fd380000,0x00000000fd380000,0x00000000fde00000)
 ParOldGen       total 172032K, used 389K [0x00000000e0000000, 0x00000000ea800000, 0x00000000f5580000)
  object space 172032K, 0% used [0x00000000e0000000,0x00000000e00615c8,0x00000000ea800000)
 Metaspace       used 20763K, capacity 21204K, committed 21296K, reserved 1069056K
  class space    used 2476K, capacity 2684K, committed 2688K, reserved 1048576K
Event: 1.751 GC heap after
Heap after GC invocations=3 (full 0):
 PSYoungGen      total 139776K, used 10727K [0x00000000f5580000, 0x0000000100000000, 0x0000000100000000)
  eden space 129024K, 0% used [0x00000000f5580000,0x00000000f5580000,0x00000000fd380000)
  from space 10752K, 99% used [0x00000000fd380000,0x00000000fddf9d70,0x00000000fde00000)
  to   space 10752K, 0% used [0x00000000ff580000,0x00000000ff580000,0x0000000100000000)
 ParOldGen       total 172032K, used 4083K [0x00000000e0000000, 0x00000000ea800000, 0x00000000f5580000)
  object space 172032K, 2% used [0x00000000e0000000,0x00000000e03fce78,0x00000000ea800000)
 Metaspace       used 20763K, capacity 21204K, committed 21296K, reserved 1069056K
  class space    used 2476K, capacity 2684K, committed 2688K, reserved 1048576K
}
Event: 1.751 GC heap before
{Heap before GC invocations=4 (full 1):
 PSYoungGen      total 139776K, used 10727K [0x00000000f5580000, 0x0000000100000000, 0x0000000100000000)
  eden space 129024K, 0% used [0x00000000f5580000,0x00000000f5580000,0x00000000fd380000)
  from space 10752K, 99% used [0x00000000fd380000,0x00000000fddf9d70,0x00000000fde00000)
  to   space 10752K, 0% used [0x00000000ff580000,0x00000000ff580000,0x0000000100000000)
 ParOldGen       total 172032K, used 4083K [0x00000000e0000000, 0x00000000ea800000, 0x00000000f5580000)
  object space 172032K, 2% used [0x00000000e0000000,0x00000000e03fce78,0x00000000ea800000)
 Metaspace       used 20763K, capacity 21204K, committed 21296K, reserved 1069056K
  class space    used 2476K, capacity 2684K, committed 2688K, reserved 1048576K
Event: 1.814 GC heap after
Heap after GC invocations=4 (full 1):
 PSYoungGen      total 139776K, used 0K [0x00000000f5580000, 0x0000000100000000, 0x0000000100000000)
  eden space 129024K, 0% used [0x00000000f5580000,0x00000000f5580000,0x00000000fd380000)
  from space 10752K, 0% used [0x00000000fd380000,0x00000000fd380000,0x00000000fde00000)
  to   space 10752K, 0% used [0x00000000ff580000,0x00000000ff580000,0x0000000100000000)
 ParOldGen       total 122368K, used 14260K [0x00000000e0000000, 0x00000000e7780000, 0x00000000f5580000)
  object space 122368K, 11% used [0x00000000e0000000,0x00000000e0ded158,0x00000000e7780000)
 Metaspace       used 20763K, capacity 21204K, committed 21296K, reserved 1069056K
  class space    used 2476K, capacity 2684K, committed 2688K, reserved 1048576K
}

